14:30:52.127 [main] INFO  api.test.UserTests - ********** Creating user  ***************
14:30:54.710 [main] INFO  api.test.UserTests - **********User is created  ***************
14:30:54.720 [main] INFO  api.test.UserTests - ********** Reading User Info ***************
14:30:55.875 [main] INFO  api.test.UserTests - **********User info  is displayed ***************
14:30:55.877 [main] INFO  api.test.UserTests - ********** Updating User ***************
14:30:57.063 [main] INFO  api.test.UserTests - ********** User updated ***************
14:30:58.206 [main] INFO  api.test.UserTests - **********   Deleting User  ***************
14:30:59.373 [main] INFO  api.test.UserTests - ********** User deleted ***************
14:35:13.395 [main] DEBUG api.test.UserTests - Debugging...
14:35:13.407 [main] INFO  api.test.UserTests - ********** Creating user  ***************
14:35:15.858 [main] INFO  api.test.UserTests - **********User is created  ***************
14:35:15.868 [main] INFO  api.test.UserTests - ********** Reading User Info ***************
14:35:17.018 [main] INFO  api.test.UserTests - **********User info  is displayed ***************
14:35:17.020 [main] INFO  api.test.UserTests - ********** Updating User ***************
14:35:18.168 [main] INFO  api.test.UserTests - ********** User updated ***************
14:35:19.328 [main] INFO  api.test.UserTests - **********   Deleting User  ***************
14:35:20.459 [main] INFO  api.test.UserTests - ********** User deleted ***************
11:32:06.137 [main] DEBUG api.test.UserTests2 - Debugging...
11:32:06.151 [main] INFO  api.test.UserTests2 - ********** Creating user  ***************
11:32:08.741 [main] INFO  api.test.UserTests2 - **********User is created  ***************
11:32:08.754 [main] INFO  api.test.UserTests2 - ********** Reading User Info ***************
11:32:09.925 [main] INFO  api.test.UserTests2 - **********User info  is displayed ***************
11:32:09.927 [main] INFO  api.test.UserTests2 - ********** Updating User ***************
11:32:11.149 [main] INFO  api.test.UserTests2 - ********** User updated ***************
11:32:12.529 [main] INFO  api.test.UserTests2 - **********   Deleting User  ***************
11:32:14.181 [main] INFO  api.test.UserTests2 - ********** User deleted ***************
11:46:43.675 [main] DEBUG org.apache.poi.openxml4j.opc.PackageRelationshipCollection - Parsing relationship: /xl/_rels/workbook.xml.rels
11:46:43.679 [main] DEBUG org.apache.poi.openxml4j.opc.PackageRelationshipCollection - Parsing relationship: /xl/worksheets/_rels/sheet1.xml.rels
11:46:43.680 [main] DEBUG org.apache.poi.openxml4j.opc.PackageRelationshipCollection - Parsing relationship: /_rels/.rels
11:46:44.001 [main] DEBUG org.apache.poi.ooxml.POIXMLFactory - using default POIXMLDocumentPart for http://schemas.openxmlformats.org/officeDocument/2006/relationships/printerSettings
11:46:44.076 [main] DEBUG org.apache.poi.openxml4j.opc.PackageRelationshipCollection - Parsing relationship: /xl/_rels/workbook.xml.rels
11:46:44.077 [main] DEBUG org.apache.poi.openxml4j.opc.PackageRelationshipCollection - Parsing relationship: /xl/worksheets/_rels/sheet1.xml.rels
11:46:44.078 [main] DEBUG org.apache.poi.openxml4j.opc.PackageRelationshipCollection - Parsing relationship: /_rels/.rels
11:46:44.088 [main] DEBUG org.apache.poi.ooxml.POIXMLFactory - using default POIXMLDocumentPart for http://schemas.openxmlformats.org/officeDocument/2006/relationships/printerSettings
11:46:44.102 [main] DEBUG org.apache.poi.openxml4j.opc.PackageRelationshipCollection - Parsing relationship: /xl/_rels/workbook.xml.rels
11:46:44.103 [main] DEBUG org.apache.poi.openxml4j.opc.PackageRelationshipCollection - Parsing relationship: /xl/worksheets/_rels/sheet1.xml.rels
11:46:44.104 [main] DEBUG org.apache.poi.openxml4j.opc.PackageRelationshipCollection - Parsing relationship: /_rels/.rels
11:46:44.112 [main] DEBUG org.apache.poi.ooxml.POIXMLFactory - using default POIXMLDocumentPart for http://schemas.openxmlformats.org/officeDocument/2006/relationships/printerSettings
11:46:44.146 [main] DEBUG org.apache.poi.openxml4j.opc.PackageRelationshipCollection - Parsing relationship: /xl/_rels/workbook.xml.rels
11:46:44.147 [main] DEBUG org.apache.poi.openxml4j.opc.PackageRelationshipCollection - Parsing relationship: /xl/worksheets/_rels/sheet1.xml.rels
11:46:44.147 [main] DEBUG org.apache.poi.openxml4j.opc.PackageRelationshipCollection - Parsing relationship: /_rels/.rels
11:46:44.156 [main] DEBUG org.apache.poi.ooxml.POIXMLFactory - using default POIXMLDocumentPart for http://schemas.openxmlformats.org/officeDocument/2006/relationships/printerSettings
11:46:44.171 [main] DEBUG org.apache.poi.openxml4j.opc.PackageRelationshipCollection - Parsing relationship: /xl/_rels/workbook.xml.rels
11:46:44.171 [main] DEBUG org.apache.poi.openxml4j.opc.PackageRelationshipCollection - Parsing relationship: /xl/worksheets/_rels/sheet1.xml.rels
11:46:44.172 [main] DEBUG org.apache.poi.openxml4j.opc.PackageRelationshipCollection - Parsing relationship: /_rels/.rels
11:46:44.179 [main] DEBUG org.apache.poi.ooxml.POIXMLFactory - using default POIXMLDocumentPart for http://schemas.openxmlformats.org/officeDocument/2006/relationships/printerSettings
11:46:44.190 [main] DEBUG org.apache.poi.openxml4j.opc.PackageRelationshipCollection - Parsing relationship: /xl/_rels/workbook.xml.rels
11:46:44.191 [main] DEBUG org.apache.poi.openxml4j.opc.PackageRelationshipCollection - Parsing relationship: /xl/worksheets/_rels/sheet1.xml.rels
11:46:44.192 [main] DEBUG org.apache.poi.openxml4j.opc.PackageRelationshipCollection - Parsing relationship: /_rels/.rels
11:46:44.199 [main] DEBUG org.apache.poi.ooxml.POIXMLFactory - using default POIXMLDocumentPart for http://schemas.openxmlformats.org/officeDocument/2006/relationships/printerSettings
11:46:44.210 [main] DEBUG org.apache.poi.openxml4j.opc.PackageRelationshipCollection - Parsing relationship: /xl/_rels/workbook.xml.rels
11:46:44.215 [main] DEBUG org.apache.poi.openxml4j.opc.PackageRelationshipCollection - Parsing relationship: /xl/worksheets/_rels/sheet1.xml.rels
11:46:44.215 [main] DEBUG org.apache.poi.openxml4j.opc.PackageRelationshipCollection - Parsing relationship: /_rels/.rels
11:46:44.221 [main] DEBUG org.apache.poi.ooxml.POIXMLFactory - using default POIXMLDocumentPart for http://schemas.openxmlformats.org/officeDocument/2006/relationships/printerSettings
11:46:44.231 [main] DEBUG org.apache.poi.openxml4j.opc.PackageRelationshipCollection - Parsing relationship: /xl/_rels/workbook.xml.rels
11:46:44.231 [main] DEBUG org.apache.poi.openxml4j.opc.PackageRelationshipCollection - Parsing relationship: /xl/worksheets/_rels/sheet1.xml.rels
11:46:44.232 [main] DEBUG org.apache.poi.openxml4j.opc.PackageRelationshipCollection - Parsing relationship: /_rels/.rels
11:46:44.238 [main] DEBUG org.apache.poi.ooxml.POIXMLFactory - using default POIXMLDocumentPart for http://schemas.openxmlformats.org/officeDocument/2006/relationships/printerSettings
11:46:44.249 [main] DEBUG org.apache.poi.openxml4j.opc.PackageRelationshipCollection - Parsing relationship: /xl/_rels/workbook.xml.rels
11:46:44.249 [main] DEBUG org.apache.poi.openxml4j.opc.PackageRelationshipCollection - Parsing relationship: /xl/worksheets/_rels/sheet1.xml.rels
11:46:44.250 [main] DEBUG org.apache.poi.openxml4j.opc.PackageRelationshipCollection - Parsing relationship: /_rels/.rels
11:46:44.255 [main] DEBUG org.apache.poi.ooxml.POIXMLFactory - using default POIXMLDocumentPart for http://schemas.openxmlformats.org/officeDocument/2006/relationships/printerSettings
11:46:44.265 [main] DEBUG org.apache.poi.openxml4j.opc.PackageRelationshipCollection - Parsing relationship: /xl/_rels/workbook.xml.rels
11:46:44.266 [main] DEBUG org.apache.poi.openxml4j.opc.PackageRelationshipCollection - Parsing relationship: /xl/worksheets/_rels/sheet1.xml.rels
11:46:44.266 [main] DEBUG org.apache.poi.openxml4j.opc.PackageRelationshipCollection - Parsing relationship: /_rels/.rels
11:46:44.273 [main] DEBUG org.apache.poi.ooxml.POIXMLFactory - using default POIXMLDocumentPart for http://schemas.openxmlformats.org/officeDocument/2006/relationships/printerSettings
11:46:44.283 [main] DEBUG org.apache.poi.openxml4j.opc.PackageRelationshipCollection - Parsing relationship: /xl/_rels/workbook.xml.rels
11:46:44.283 [main] DEBUG org.apache.poi.openxml4j.opc.PackageRelationshipCollection - Parsing relationship: /xl/worksheets/_rels/sheet1.xml.rels
11:46:44.284 [main] DEBUG org.apache.poi.openxml4j.opc.PackageRelationshipCollection - Parsing relationship: /_rels/.rels
11:46:44.289 [main] DEBUG org.apache.poi.ooxml.POIXMLFactory - using default POIXMLDocumentPart for http://schemas.openxmlformats.org/officeDocument/2006/relationships/printerSettings
11:46:44.298 [main] DEBUG org.apache.poi.openxml4j.opc.PackageRelationshipCollection - Parsing relationship: /xl/_rels/workbook.xml.rels
11:46:44.298 [main] DEBUG org.apache.poi.openxml4j.opc.PackageRelationshipCollection - Parsing relationship: /xl/worksheets/_rels/sheet1.xml.rels
11:46:44.299 [main] DEBUG org.apache.poi.openxml4j.opc.PackageRelationshipCollection - Parsing relationship: /_rels/.rels
11:46:44.304 [main] DEBUG org.apache.poi.ooxml.POIXMLFactory - using default POIXMLDocumentPart for http://schemas.openxmlformats.org/officeDocument/2006/relationships/printerSettings
11:46:44.315 [main] DEBUG org.apache.poi.openxml4j.opc.PackageRelationshipCollection - Parsing relationship: /xl/_rels/workbook.xml.rels
11:46:44.315 [main] DEBUG org.apache.poi.openxml4j.opc.PackageRelationshipCollection - Parsing relationship: /xl/worksheets/_rels/sheet1.xml.rels
11:46:44.316 [main] DEBUG org.apache.poi.openxml4j.opc.PackageRelationshipCollection - Parsing relationship: /_rels/.rels
11:46:44.321 [main] DEBUG org.apache.poi.ooxml.POIXMLFactory - using default POIXMLDocumentPart for http://schemas.openxmlformats.org/officeDocument/2006/relationships/printerSettings
11:46:44.330 [main] DEBUG org.apache.poi.openxml4j.opc.PackageRelationshipCollection - Parsing relationship: /xl/_rels/workbook.xml.rels
11:46:44.330 [main] DEBUG org.apache.poi.openxml4j.opc.PackageRelationshipCollection - Parsing relationship: /xl/worksheets/_rels/sheet1.xml.rels
11:46:44.331 [main] DEBUG org.apache.poi.openxml4j.opc.PackageRelationshipCollection - Parsing relationship: /_rels/.rels
11:46:44.335 [main] DEBUG org.apache.poi.ooxml.POIXMLFactory - using default POIXMLDocumentPart for http://schemas.openxmlformats.org/officeDocument/2006/relationships/printerSettings
11:46:44.347 [main] DEBUG org.apache.poi.openxml4j.opc.PackageRelationshipCollection - Parsing relationship: /xl/_rels/workbook.xml.rels
11:46:44.348 [main] DEBUG org.apache.poi.openxml4j.opc.PackageRelationshipCollection - Parsing relationship: /xl/worksheets/_rels/sheet1.xml.rels
11:46:44.348 [main] DEBUG org.apache.poi.openxml4j.opc.PackageRelationshipCollection - Parsing relationship: /_rels/.rels
11:46:44.353 [main] DEBUG org.apache.poi.ooxml.POIXMLFactory - using default POIXMLDocumentPart for http://schemas.openxmlformats.org/officeDocument/2006/relationships/printerSettings
11:46:44.362 [main] DEBUG org.apache.poi.openxml4j.opc.PackageRelationshipCollection - Parsing relationship: /xl/_rels/workbook.xml.rels
11:46:44.363 [main] DEBUG org.apache.poi.openxml4j.opc.PackageRelationshipCollection - Parsing relationship: /xl/worksheets/_rels/sheet1.xml.rels
11:46:44.364 [main] DEBUG org.apache.poi.openxml4j.opc.PackageRelationshipCollection - Parsing relationship: /_rels/.rels
11:46:44.372 [main] DEBUG org.apache.poi.ooxml.POIXMLFactory - using default POIXMLDocumentPart for http://schemas.openxmlformats.org/officeDocument/2006/relationships/printerSettings
11:46:44.381 [main] DEBUG org.apache.poi.openxml4j.opc.PackageRelationshipCollection - Parsing relationship: /xl/_rels/workbook.xml.rels
11:46:44.381 [main] DEBUG org.apache.poi.openxml4j.opc.PackageRelationshipCollection - Parsing relationship: /xl/worksheets/_rels/sheet1.xml.rels
11:46:44.382 [main] DEBUG org.apache.poi.openxml4j.opc.PackageRelationshipCollection - Parsing relationship: /_rels/.rels
11:46:44.386 [main] DEBUG org.apache.poi.ooxml.POIXMLFactory - using default POIXMLDocumentPart for http://schemas.openxmlformats.org/officeDocument/2006/relationships/printerSettings
11:46:44.396 [main] DEBUG org.apache.poi.openxml4j.opc.PackageRelationshipCollection - Parsing relationship: /xl/_rels/workbook.xml.rels
11:46:44.397 [main] DEBUG org.apache.poi.openxml4j.opc.PackageRelationshipCollection - Parsing relationship: /xl/worksheets/_rels/sheet1.xml.rels
11:46:44.397 [main] DEBUG org.apache.poi.openxml4j.opc.PackageRelationshipCollection - Parsing relationship: /_rels/.rels
11:46:44.404 [main] DEBUG org.apache.poi.ooxml.POIXMLFactory - using default POIXMLDocumentPart for http://schemas.openxmlformats.org/officeDocument/2006/relationships/printerSettings
11:46:44.421 [main] DEBUG org.apache.poi.openxml4j.opc.PackageRelationshipCollection - Parsing relationship: /xl/_rels/workbook.xml.rels
11:46:44.421 [main] DEBUG org.apache.poi.openxml4j.opc.PackageRelationshipCollection - Parsing relationship: /xl/worksheets/_rels/sheet1.xml.rels
11:46:44.422 [main] DEBUG org.apache.poi.openxml4j.opc.PackageRelationshipCollection - Parsing relationship: /_rels/.rels
11:46:44.427 [main] DEBUG org.apache.poi.ooxml.POIXMLFactory - using default POIXMLDocumentPart for http://schemas.openxmlformats.org/officeDocument/2006/relationships/printerSettings
11:46:44.438 [main] DEBUG org.apache.poi.openxml4j.opc.PackageRelationshipCollection - Parsing relationship: /xl/_rels/workbook.xml.rels
11:46:44.438 [main] DEBUG org.apache.poi.openxml4j.opc.PackageRelationshipCollection - Parsing relationship: /xl/worksheets/_rels/sheet1.xml.rels
11:46:44.439 [main] DEBUG org.apache.poi.openxml4j.opc.PackageRelationshipCollection - Parsing relationship: /_rels/.rels
11:46:44.443 [main] DEBUG org.apache.poi.ooxml.POIXMLFactory - using default POIXMLDocumentPart for http://schemas.openxmlformats.org/officeDocument/2006/relationships/printerSettings
11:46:44.452 [main] DEBUG org.apache.poi.openxml4j.opc.PackageRelationshipCollection - Parsing relationship: /xl/_rels/workbook.xml.rels
11:46:44.452 [main] DEBUG org.apache.poi.openxml4j.opc.PackageRelationshipCollection - Parsing relationship: /xl/worksheets/_rels/sheet1.xml.rels
11:46:44.453 [main] DEBUG org.apache.poi.openxml4j.opc.PackageRelationshipCollection - Parsing relationship: /_rels/.rels
11:46:44.457 [main] DEBUG org.apache.poi.ooxml.POIXMLFactory - using default POIXMLDocumentPart for http://schemas.openxmlformats.org/officeDocument/2006/relationships/printerSettings
11:46:44.465 [main] DEBUG org.apache.poi.openxml4j.opc.PackageRelationshipCollection - Parsing relationship: /xl/_rels/workbook.xml.rels
11:46:44.465 [main] DEBUG org.apache.poi.openxml4j.opc.PackageRelationshipCollection - Parsing relationship: /xl/worksheets/_rels/sheet1.xml.rels
11:46:44.466 [main] DEBUG org.apache.poi.openxml4j.opc.PackageRelationshipCollection - Parsing relationship: /_rels/.rels
11:46:44.470 [main] DEBUG org.apache.poi.ooxml.POIXMLFactory - using default POIXMLDocumentPart for http://schemas.openxmlformats.org/officeDocument/2006/relationships/printerSettings
11:46:44.478 [main] DEBUG org.apache.poi.openxml4j.opc.PackageRelationshipCollection - Parsing relationship: /xl/_rels/workbook.xml.rels
11:46:44.479 [main] DEBUG org.apache.poi.openxml4j.opc.PackageRelationshipCollection - Parsing relationship: /xl/worksheets/_rels/sheet1.xml.rels
11:46:44.479 [main] DEBUG org.apache.poi.openxml4j.opc.PackageRelationshipCollection - Parsing relationship: /_rels/.rels
11:46:44.483 [main] DEBUG org.apache.poi.ooxml.POIXMLFactory - using default POIXMLDocumentPart for http://schemas.openxmlformats.org/officeDocument/2006/relationships/printerSettings
11:46:49.363 [main] DEBUG org.apache.poi.openxml4j.opc.PackageRelationshipCollection - Parsing relationship: /xl/_rels/workbook.xml.rels
11:46:49.363 [main] DEBUG org.apache.poi.openxml4j.opc.PackageRelationshipCollection - Parsing relationship: /xl/worksheets/_rels/sheet1.xml.rels
11:46:49.363 [main] DEBUG org.apache.poi.openxml4j.opc.PackageRelationshipCollection - Parsing relationship: /_rels/.rels
11:46:49.368 [main] DEBUG org.apache.poi.ooxml.POIXMLFactory - using default POIXMLDocumentPart for http://schemas.openxmlformats.org/officeDocument/2006/relationships/printerSettings
11:46:49.376 [main] DEBUG org.apache.poi.openxml4j.opc.PackageRelationshipCollection - Parsing relationship: /xl/_rels/workbook.xml.rels
11:46:49.376 [main] DEBUG org.apache.poi.openxml4j.opc.PackageRelationshipCollection - Parsing relationship: /xl/worksheets/_rels/sheet1.xml.rels
11:46:49.377 [main] DEBUG org.apache.poi.openxml4j.opc.PackageRelationshipCollection - Parsing relationship: /_rels/.rels
11:46:49.382 [main] DEBUG org.apache.poi.ooxml.POIXMLFactory - using default POIXMLDocumentPart for http://schemas.openxmlformats.org/officeDocument/2006/relationships/printerSettings
11:46:49.391 [main] DEBUG org.apache.poi.openxml4j.opc.PackageRelationshipCollection - Parsing relationship: /xl/_rels/workbook.xml.rels
11:46:49.391 [main] DEBUG org.apache.poi.openxml4j.opc.PackageRelationshipCollection - Parsing relationship: /xl/worksheets/_rels/sheet1.xml.rels
11:46:49.392 [main] DEBUG org.apache.poi.openxml4j.opc.PackageRelationshipCollection - Parsing relationship: /_rels/.rels
11:46:49.396 [main] DEBUG org.apache.poi.ooxml.POIXMLFactory - using default POIXMLDocumentPart for http://schemas.openxmlformats.org/officeDocument/2006/relationships/printerSettings
11:46:49.406 [main] DEBUG org.apache.poi.openxml4j.opc.PackageRelationshipCollection - Parsing relationship: /xl/_rels/workbook.xml.rels
11:46:49.407 [main] DEBUG org.apache.poi.openxml4j.opc.PackageRelationshipCollection - Parsing relationship: /xl/worksheets/_rels/sheet1.xml.rels
11:46:49.407 [main] DEBUG org.apache.poi.openxml4j.opc.PackageRelationshipCollection - Parsing relationship: /_rels/.rels
11:46:49.411 [main] DEBUG org.apache.poi.ooxml.POIXMLFactory - using default POIXMLDocumentPart for http://schemas.openxmlformats.org/officeDocument/2006/relationships/printerSettings
11:46:53.143 [main] DEBUG api.test.UserTests - Debugging...
11:46:53.145 [main] INFO  api.test.UserTests - ********** Creating user  ***************
11:46:54.505 [main] INFO  api.test.UserTests - **********User is created  ***************
11:46:54.507 [main] INFO  api.test.UserTests - ********** Reading User Info ***************
11:46:55.692 [main] INFO  api.test.UserTests - **********User info  is displayed ***************
11:46:55.693 [main] INFO  api.test.UserTests - ********** Updating User ***************
11:46:56.815 [main] INFO  api.test.UserTests - ********** User updated ***************
11:46:58.226 [main] INFO  api.test.UserTests - **********   Deleting User  ***************
11:46:59.343 [main] INFO  api.test.UserTests - ********** User deleted ***************
11:54:56.862 [main] DEBUG org.apache.poi.openxml4j.opc.PackageRelationshipCollection - Parsing relationship: /xl/_rels/workbook.xml.rels
11:54:56.866 [main] DEBUG org.apache.poi.openxml4j.opc.PackageRelationshipCollection - Parsing relationship: /xl/worksheets/_rels/sheet1.xml.rels
11:54:56.867 [main] DEBUG org.apache.poi.openxml4j.opc.PackageRelationshipCollection - Parsing relationship: /_rels/.rels
11:54:57.166 [main] DEBUG org.apache.poi.ooxml.POIXMLFactory - using default POIXMLDocumentPart for http://schemas.openxmlformats.org/officeDocument/2006/relationships/printerSettings
11:54:57.240 [main] DEBUG org.apache.poi.openxml4j.opc.PackageRelationshipCollection - Parsing relationship: /xl/_rels/workbook.xml.rels
11:54:57.242 [main] DEBUG org.apache.poi.openxml4j.opc.PackageRelationshipCollection - Parsing relationship: /xl/worksheets/_rels/sheet1.xml.rels
11:54:57.243 [main] DEBUG org.apache.poi.openxml4j.opc.PackageRelationshipCollection - Parsing relationship: /_rels/.rels
11:54:57.254 [main] DEBUG org.apache.poi.ooxml.POIXMLFactory - using default POIXMLDocumentPart for http://schemas.openxmlformats.org/officeDocument/2006/relationships/printerSettings
11:54:57.267 [main] DEBUG org.apache.poi.openxml4j.opc.PackageRelationshipCollection - Parsing relationship: /xl/_rels/workbook.xml.rels
11:54:57.268 [main] DEBUG org.apache.poi.openxml4j.opc.PackageRelationshipCollection - Parsing relationship: /xl/worksheets/_rels/sheet1.xml.rels
11:54:57.268 [main] DEBUG org.apache.poi.openxml4j.opc.PackageRelationshipCollection - Parsing relationship: /_rels/.rels
11:54:57.277 [main] DEBUG org.apache.poi.ooxml.POIXMLFactory - using default POIXMLDocumentPart for http://schemas.openxmlformats.org/officeDocument/2006/relationships/printerSettings
11:54:57.306 [main] DEBUG org.apache.poi.openxml4j.opc.PackageRelationshipCollection - Parsing relationship: /xl/_rels/workbook.xml.rels
11:54:57.307 [main] DEBUG org.apache.poi.openxml4j.opc.PackageRelationshipCollection - Parsing relationship: /xl/worksheets/_rels/sheet1.xml.rels
11:54:57.307 [main] DEBUG org.apache.poi.openxml4j.opc.PackageRelationshipCollection - Parsing relationship: /_rels/.rels
11:54:57.316 [main] DEBUG org.apache.poi.ooxml.POIXMLFactory - using default POIXMLDocumentPart for http://schemas.openxmlformats.org/officeDocument/2006/relationships/printerSettings
11:54:57.330 [main] DEBUG org.apache.poi.openxml4j.opc.PackageRelationshipCollection - Parsing relationship: /xl/_rels/workbook.xml.rels
11:54:57.331 [main] DEBUG org.apache.poi.openxml4j.opc.PackageRelationshipCollection - Parsing relationship: /xl/worksheets/_rels/sheet1.xml.rels
11:54:57.332 [main] DEBUG org.apache.poi.openxml4j.opc.PackageRelationshipCollection - Parsing relationship: /_rels/.rels
11:54:57.340 [main] DEBUG org.apache.poi.ooxml.POIXMLFactory - using default POIXMLDocumentPart for http://schemas.openxmlformats.org/officeDocument/2006/relationships/printerSettings
11:54:57.352 [main] DEBUG org.apache.poi.openxml4j.opc.PackageRelationshipCollection - Parsing relationship: /xl/_rels/workbook.xml.rels
11:54:57.353 [main] DEBUG org.apache.poi.openxml4j.opc.PackageRelationshipCollection - Parsing relationship: /xl/worksheets/_rels/sheet1.xml.rels
11:54:57.354 [main] DEBUG org.apache.poi.openxml4j.opc.PackageRelationshipCollection - Parsing relationship: /_rels/.rels
11:54:57.361 [main] DEBUG org.apache.poi.ooxml.POIXMLFactory - using default POIXMLDocumentPart for http://schemas.openxmlformats.org/officeDocument/2006/relationships/printerSettings
11:54:57.373 [main] DEBUG org.apache.poi.openxml4j.opc.PackageRelationshipCollection - Parsing relationship: /xl/_rels/workbook.xml.rels
11:54:57.374 [main] DEBUG org.apache.poi.openxml4j.opc.PackageRelationshipCollection - Parsing relationship: /xl/worksheets/_rels/sheet1.xml.rels
11:54:57.375 [main] DEBUG org.apache.poi.openxml4j.opc.PackageRelationshipCollection - Parsing relationship: /_rels/.rels
11:54:57.382 [main] DEBUG org.apache.poi.ooxml.POIXMLFactory - using default POIXMLDocumentPart for http://schemas.openxmlformats.org/officeDocument/2006/relationships/printerSettings
11:54:57.392 [main] DEBUG org.apache.poi.openxml4j.opc.PackageRelationshipCollection - Parsing relationship: /xl/_rels/workbook.xml.rels
11:54:57.392 [main] DEBUG org.apache.poi.openxml4j.opc.PackageRelationshipCollection - Parsing relationship: /xl/worksheets/_rels/sheet1.xml.rels
11:54:57.393 [main] DEBUG org.apache.poi.openxml4j.opc.PackageRelationshipCollection - Parsing relationship: /_rels/.rels
11:54:57.399 [main] DEBUG org.apache.poi.ooxml.POIXMLFactory - using default POIXMLDocumentPart for http://schemas.openxmlformats.org/officeDocument/2006/relationships/printerSettings
11:54:57.410 [main] DEBUG org.apache.poi.openxml4j.opc.PackageRelationshipCollection - Parsing relationship: /xl/_rels/workbook.xml.rels
11:54:57.411 [main] DEBUG org.apache.poi.openxml4j.opc.PackageRelationshipCollection - Parsing relationship: /xl/worksheets/_rels/sheet1.xml.rels
11:54:57.412 [main] DEBUG org.apache.poi.openxml4j.opc.PackageRelationshipCollection - Parsing relationship: /_rels/.rels
11:54:57.418 [main] DEBUG org.apache.poi.ooxml.POIXMLFactory - using default POIXMLDocumentPart for http://schemas.openxmlformats.org/officeDocument/2006/relationships/printerSettings
11:54:57.433 [main] DEBUG org.apache.poi.openxml4j.opc.PackageRelationshipCollection - Parsing relationship: /xl/_rels/workbook.xml.rels
11:54:57.434 [main] DEBUG org.apache.poi.openxml4j.opc.PackageRelationshipCollection - Parsing relationship: /xl/worksheets/_rels/sheet1.xml.rels
11:54:57.435 [main] DEBUG org.apache.poi.openxml4j.opc.PackageRelationshipCollection - Parsing relationship: /_rels/.rels
11:54:57.441 [main] DEBUG org.apache.poi.ooxml.POIXMLFactory - using default POIXMLDocumentPart for http://schemas.openxmlformats.org/officeDocument/2006/relationships/printerSettings
11:54:57.451 [main] DEBUG org.apache.poi.openxml4j.opc.PackageRelationshipCollection - Parsing relationship: /xl/_rels/workbook.xml.rels
11:54:57.451 [main] DEBUG org.apache.poi.openxml4j.opc.PackageRelationshipCollection - Parsing relationship: /xl/worksheets/_rels/sheet1.xml.rels
11:54:57.452 [main] DEBUG org.apache.poi.openxml4j.opc.PackageRelationshipCollection - Parsing relationship: /_rels/.rels
11:54:57.457 [main] DEBUG org.apache.poi.ooxml.POIXMLFactory - using default POIXMLDocumentPart for http://schemas.openxmlformats.org/officeDocument/2006/relationships/printerSettings
11:54:57.466 [main] DEBUG org.apache.poi.openxml4j.opc.PackageRelationshipCollection - Parsing relationship: /xl/_rels/workbook.xml.rels
11:54:57.466 [main] DEBUG org.apache.poi.openxml4j.opc.PackageRelationshipCollection - Parsing relationship: /xl/worksheets/_rels/sheet1.xml.rels
11:54:57.467 [main] DEBUG org.apache.poi.openxml4j.opc.PackageRelationshipCollection - Parsing relationship: /_rels/.rels
11:54:57.472 [main] DEBUG org.apache.poi.ooxml.POIXMLFactory - using default POIXMLDocumentPart for http://schemas.openxmlformats.org/officeDocument/2006/relationships/printerSettings
11:54:57.482 [main] DEBUG org.apache.poi.openxml4j.opc.PackageRelationshipCollection - Parsing relationship: /xl/_rels/workbook.xml.rels
11:54:57.482 [main] DEBUG org.apache.poi.openxml4j.opc.PackageRelationshipCollection - Parsing relationship: /xl/worksheets/_rels/sheet1.xml.rels
11:54:57.483 [main] DEBUG org.apache.poi.openxml4j.opc.PackageRelationshipCollection - Parsing relationship: /_rels/.rels
11:54:57.488 [main] DEBUG org.apache.poi.ooxml.POIXMLFactory - using default POIXMLDocumentPart for http://schemas.openxmlformats.org/officeDocument/2006/relationships/printerSettings
11:54:57.498 [main] DEBUG org.apache.poi.openxml4j.opc.PackageRelationshipCollection - Parsing relationship: /xl/_rels/workbook.xml.rels
11:54:57.499 [main] DEBUG org.apache.poi.openxml4j.opc.PackageRelationshipCollection - Parsing relationship: /xl/worksheets/_rels/sheet1.xml.rels
11:54:57.499 [main] DEBUG org.apache.poi.openxml4j.opc.PackageRelationshipCollection - Parsing relationship: /_rels/.rels
11:54:57.504 [main] DEBUG org.apache.poi.ooxml.POIXMLFactory - using default POIXMLDocumentPart for http://schemas.openxmlformats.org/officeDocument/2006/relationships/printerSettings
11:54:57.513 [main] DEBUG org.apache.poi.openxml4j.opc.PackageRelationshipCollection - Parsing relationship: /xl/_rels/workbook.xml.rels
11:54:57.514 [main] DEBUG org.apache.poi.openxml4j.opc.PackageRelationshipCollection - Parsing relationship: /xl/worksheets/_rels/sheet1.xml.rels
11:54:57.514 [main] DEBUG org.apache.poi.openxml4j.opc.PackageRelationshipCollection - Parsing relationship: /_rels/.rels
11:54:57.519 [main] DEBUG org.apache.poi.ooxml.POIXMLFactory - using default POIXMLDocumentPart for http://schemas.openxmlformats.org/officeDocument/2006/relationships/printerSettings
11:54:57.529 [main] DEBUG org.apache.poi.openxml4j.opc.PackageRelationshipCollection - Parsing relationship: /xl/_rels/workbook.xml.rels
11:54:57.530 [main] DEBUG org.apache.poi.openxml4j.opc.PackageRelationshipCollection - Parsing relationship: /xl/worksheets/_rels/sheet1.xml.rels
11:54:57.531 [main] DEBUG org.apache.poi.openxml4j.opc.PackageRelationshipCollection - Parsing relationship: /_rels/.rels
11:54:57.539 [main] DEBUG org.apache.poi.ooxml.POIXMLFactory - using default POIXMLDocumentPart for http://schemas.openxmlformats.org/officeDocument/2006/relationships/printerSettings
11:54:57.550 [main] DEBUG org.apache.poi.openxml4j.opc.PackageRelationshipCollection - Parsing relationship: /xl/_rels/workbook.xml.rels
11:54:57.551 [main] DEBUG org.apache.poi.openxml4j.opc.PackageRelationshipCollection - Parsing relationship: /xl/worksheets/_rels/sheet1.xml.rels
11:54:57.551 [main] DEBUG org.apache.poi.openxml4j.opc.PackageRelationshipCollection - Parsing relationship: /_rels/.rels
11:54:57.557 [main] DEBUG org.apache.poi.ooxml.POIXMLFactory - using default POIXMLDocumentPart for http://schemas.openxmlformats.org/officeDocument/2006/relationships/printerSettings
11:54:57.568 [main] DEBUG org.apache.poi.openxml4j.opc.PackageRelationshipCollection - Parsing relationship: /xl/_rels/workbook.xml.rels
11:54:57.569 [main] DEBUG org.apache.poi.openxml4j.opc.PackageRelationshipCollection - Parsing relationship: /xl/worksheets/_rels/sheet1.xml.rels
11:54:57.569 [main] DEBUG org.apache.poi.openxml4j.opc.PackageRelationshipCollection - Parsing relationship: /_rels/.rels
11:54:57.575 [main] DEBUG org.apache.poi.ooxml.POIXMLFactory - using default POIXMLDocumentPart for http://schemas.openxmlformats.org/officeDocument/2006/relationships/printerSettings
11:54:57.585 [main] DEBUG org.apache.poi.openxml4j.opc.PackageRelationshipCollection - Parsing relationship: /xl/_rels/workbook.xml.rels
11:54:57.585 [main] DEBUG org.apache.poi.openxml4j.opc.PackageRelationshipCollection - Parsing relationship: /xl/worksheets/_rels/sheet1.xml.rels
11:54:57.585 [main] DEBUG org.apache.poi.openxml4j.opc.PackageRelationshipCollection - Parsing relationship: /_rels/.rels
11:54:57.591 [main] DEBUG org.apache.poi.ooxml.POIXMLFactory - using default POIXMLDocumentPart for http://schemas.openxmlformats.org/officeDocument/2006/relationships/printerSettings
11:54:57.598 [main] DEBUG org.apache.poi.openxml4j.opc.PackageRelationshipCollection - Parsing relationship: /xl/_rels/workbook.xml.rels
11:54:57.599 [main] DEBUG org.apache.poi.openxml4j.opc.PackageRelationshipCollection - Parsing relationship: /xl/worksheets/_rels/sheet1.xml.rels
11:54:57.599 [main] DEBUG org.apache.poi.openxml4j.opc.PackageRelationshipCollection - Parsing relationship: /_rels/.rels
11:54:57.604 [main] DEBUG org.apache.poi.ooxml.POIXMLFactory - using default POIXMLDocumentPart for http://schemas.openxmlformats.org/officeDocument/2006/relationships/printerSettings
11:54:57.612 [main] DEBUG org.apache.poi.openxml4j.opc.PackageRelationshipCollection - Parsing relationship: /xl/_rels/workbook.xml.rels
11:54:57.612 [main] DEBUG org.apache.poi.openxml4j.opc.PackageRelationshipCollection - Parsing relationship: /xl/worksheets/_rels/sheet1.xml.rels
11:54:57.613 [main] DEBUG org.apache.poi.openxml4j.opc.PackageRelationshipCollection - Parsing relationship: /_rels/.rels
11:54:57.617 [main] DEBUG org.apache.poi.ooxml.POIXMLFactory - using default POIXMLDocumentPart for http://schemas.openxmlformats.org/officeDocument/2006/relationships/printerSettings
11:54:57.626 [main] DEBUG org.apache.poi.openxml4j.opc.PackageRelationshipCollection - Parsing relationship: /xl/_rels/workbook.xml.rels
11:54:57.627 [main] DEBUG org.apache.poi.openxml4j.opc.PackageRelationshipCollection - Parsing relationship: /xl/worksheets/_rels/sheet1.xml.rels
11:54:57.627 [main] DEBUG org.apache.poi.openxml4j.opc.PackageRelationshipCollection - Parsing relationship: /_rels/.rels
11:54:57.631 [main] DEBUG org.apache.poi.ooxml.POIXMLFactory - using default POIXMLDocumentPart for http://schemas.openxmlformats.org/officeDocument/2006/relationships/printerSettings
11:54:57.638 [main] DEBUG org.apache.poi.openxml4j.opc.PackageRelationshipCollection - Parsing relationship: /xl/_rels/workbook.xml.rels
11:54:57.639 [main] DEBUG org.apache.poi.openxml4j.opc.PackageRelationshipCollection - Parsing relationship: /xl/worksheets/_rels/sheet1.xml.rels
11:54:57.639 [main] DEBUG org.apache.poi.openxml4j.opc.PackageRelationshipCollection - Parsing relationship: /_rels/.rels
11:54:57.644 [main] DEBUG org.apache.poi.ooxml.POIXMLFactory - using default POIXMLDocumentPart for http://schemas.openxmlformats.org/officeDocument/2006/relationships/printerSettings
11:55:02.774 [main] DEBUG org.apache.poi.openxml4j.opc.PackageRelationshipCollection - Parsing relationship: /xl/_rels/workbook.xml.rels
11:55:02.775 [main] DEBUG org.apache.poi.openxml4j.opc.PackageRelationshipCollection - Parsing relationship: /xl/worksheets/_rels/sheet1.xml.rels
11:55:02.776 [main] DEBUG org.apache.poi.openxml4j.opc.PackageRelationshipCollection - Parsing relationship: /_rels/.rels
11:55:02.783 [main] DEBUG org.apache.poi.ooxml.POIXMLFactory - using default POIXMLDocumentPart for http://schemas.openxmlformats.org/officeDocument/2006/relationships/printerSettings
11:55:02.795 [main] DEBUG org.apache.poi.openxml4j.opc.PackageRelationshipCollection - Parsing relationship: /xl/_rels/workbook.xml.rels
11:55:02.796 [main] DEBUG org.apache.poi.openxml4j.opc.PackageRelationshipCollection - Parsing relationship: /xl/worksheets/_rels/sheet1.xml.rels
11:55:02.797 [main] DEBUG org.apache.poi.openxml4j.opc.PackageRelationshipCollection - Parsing relationship: /_rels/.rels
11:55:02.802 [main] DEBUG org.apache.poi.ooxml.POIXMLFactory - using default POIXMLDocumentPart for http://schemas.openxmlformats.org/officeDocument/2006/relationships/printerSettings
11:55:02.814 [main] DEBUG org.apache.poi.openxml4j.opc.PackageRelationshipCollection - Parsing relationship: /xl/_rels/workbook.xml.rels
11:55:02.815 [main] DEBUG org.apache.poi.openxml4j.opc.PackageRelationshipCollection - Parsing relationship: /xl/worksheets/_rels/sheet1.xml.rels
11:55:02.815 [main] DEBUG org.apache.poi.openxml4j.opc.PackageRelationshipCollection - Parsing relationship: /_rels/.rels
11:55:02.821 [main] DEBUG org.apache.poi.ooxml.POIXMLFactory - using default POIXMLDocumentPart for http://schemas.openxmlformats.org/officeDocument/2006/relationships/printerSettings
11:55:02.832 [main] DEBUG org.apache.poi.openxml4j.opc.PackageRelationshipCollection - Parsing relationship: /xl/_rels/workbook.xml.rels
11:55:02.833 [main] DEBUG org.apache.poi.openxml4j.opc.PackageRelationshipCollection - Parsing relationship: /xl/worksheets/_rels/sheet1.xml.rels
11:55:02.833 [main] DEBUG org.apache.poi.openxml4j.opc.PackageRelationshipCollection - Parsing relationship: /_rels/.rels
11:55:02.838 [main] DEBUG org.apache.poi.ooxml.POIXMLFactory - using default POIXMLDocumentPart for http://schemas.openxmlformats.org/officeDocument/2006/relationships/printerSettings
11:55:06.470 [main] DEBUG api.test.UserTests - Debugging...
11:55:06.472 [main] INFO  api.test.UserTests - ********** Creating user  ***************
11:55:07.697 [main] INFO  api.test.UserTests - **********User is created  ***************
11:55:07.699 [main] INFO  api.test.UserTests - ********** Reading User Info ***************
11:55:08.821 [main] INFO  api.test.UserTests - **********User info  is displayed ***************
11:55:08.826 [main] INFO  api.test.UserTests - ********** Updating User ***************
11:55:10.434 [main] INFO  api.test.UserTests - ********** User updated ***************
11:55:11.563 [main] INFO  api.test.UserTests - **********   Deleting User  ***************
11:55:12.722 [main] INFO  api.test.UserTests - ********** User deleted ***************
11:57:04.373 [main] DEBUG api.test.UserTests2 - Debugging...
11:57:04.384 [main] INFO  api.test.UserTests2 - ********** Creating user  ***************
11:57:07.003 [main] INFO  api.test.UserTests2 - **********User is created  ***************
11:57:07.021 [main] INFO  api.test.UserTests2 - ********** Reading User Info ***************
11:57:08.219 [main] INFO  api.test.UserTests2 - **********User info  is displayed ***************
11:57:08.220 [main] INFO  api.test.UserTests2 - ********** Updating User ***************
11:57:09.367 [main] INFO  api.test.UserTests2 - ********** User updated ***************
11:57:10.548 [main] INFO  api.test.UserTests2 - **********   Deleting User  ***************
11:57:11.665 [main] INFO  api.test.UserTests2 - ********** User deleted ***************
11:58:06.270 [main] DEBUG api.test.UserTests2 - Debugging...
11:58:06.280 [main] INFO  api.test.UserTests2 - ********** Creating user  ***************
11:58:08.835 [main] INFO  api.test.UserTests2 - **********User is created  ***************
11:58:08.845 [main] INFO  api.test.UserTests2 - ********** Reading User Info ***************
11:58:10.032 [main] INFO  api.test.UserTests2 - **********User info  is displayed ***************
11:58:10.034 [main] INFO  api.test.UserTests2 - ********** Updating User ***************
11:58:11.212 [main] INFO  api.test.UserTests2 - ********** User updated ***************
11:58:12.369 [main] INFO  api.test.UserTests2 - **********   Deleting User  ***************
11:58:13.524 [main] INFO  api.test.UserTests2 - ********** User deleted ***************
12:23:04.931 [main] DEBUG api.test.UserTests2 - Debugging...
12:23:04.943 [main] INFO  api.test.UserTests2 - ********** Creating user  ***************
12:23:07.605 [main] INFO  api.test.UserTests2 - **********User is created  ***************
12:23:07.615 [main] INFO  api.test.UserTests2 - ********** Reading User Info ***************
12:23:08.883 [main] INFO  api.test.UserTests2 - **********User info  is displayed ***************
12:23:08.885 [main] INFO  api.test.UserTests2 - ********** Updating User ***************
12:23:10.022 [main] INFO  api.test.UserTests2 - ********** User updated ***************
12:23:11.157 [main] INFO  api.test.UserTests2 - **********   Deleting User  ***************
12:23:12.329 [main] INFO  api.test.UserTests2 - ********** User deleted ***************
12:34:17.445 [main] DEBUG api.test.UserTests2 - Debugging...
12:34:17.457 [main] INFO  api.test.UserTests2 - ********** Creating user  ***************
12:34:19.895 [main] INFO  api.test.UserTests2 - **********User is created  ***************
12:34:19.906 [main] INFO  api.test.UserTests2 - ********** Reading User Info ***************
12:34:21.045 [main] INFO  api.test.UserTests2 - **********User info  is displayed ***************
12:34:21.048 [main] INFO  api.test.UserTests2 - ********** Updating User ***************
12:34:22.199 [main] INFO  api.test.UserTests2 - ********** User updated ***************
12:34:23.354 [main] INFO  api.test.UserTests2 - **********   Deleting User  ***************
12:34:24.544 [main] INFO  api.test.UserTests2 - ********** User deleted ***************
17:28:33.735 [main] DEBUG api.test.UserTests2 - Debugging...
17:28:33.745 [main] INFO  api.test.UserTests2 - ********** Creating user  ***************
17:28:36.289 [main] INFO  api.test.UserTests2 - **********User is created  ***************
17:28:36.299 [main] INFO  api.test.UserTests2 - ********** Reading User Info ***************
17:28:37.455 [main] INFO  api.test.UserTests2 - **********User info  is displayed ***************
17:28:37.457 [main] INFO  api.test.UserTests2 - ********** Updating User ***************
17:28:38.634 [main] INFO  api.test.UserTests2 - ********** User updated ***************
17:28:39.785 [main] INFO  api.test.UserTests2 - **********   Deleting User  ***************
17:28:40.902 [main] INFO  api.test.UserTests2 - ********** User deleted ***************
17:39:08.184 [main] DEBUG api.test.UserTests2 - Debugging...
17:39:08.194 [main] INFO  api.test.UserTests2 - ********** Creating user  ***************
17:39:10.685 [main] INFO  api.test.UserTests2 - **********User is created  ***************
17:39:10.695 [main] INFO  api.test.UserTests2 - ********** Reading User Info ***************
17:39:11.840 [main] INFO  api.test.UserTests2 - **********User info  is displayed ***************
17:39:11.841 [main] INFO  api.test.UserTests2 - ********** Updating User ***************
17:39:12.960 [main] INFO  api.test.UserTests2 - ********** User updated ***************
17:39:14.155 [main] INFO  api.test.UserTests2 - **********   Deleting User  ***************
17:39:15.310 [main] INFO  api.test.UserTests2 - ********** User deleted ***************
17:45:07.685 [main] DEBUG api.test.UserTests2 - Debugging...
17:45:07.695 [main] INFO  api.test.UserTests2 - ********** Creating user  ***************
17:45:10.191 [main] INFO  api.test.UserTests2 - **********User is created  ***************
17:45:10.203 [main] INFO  api.test.UserTests2 - ********** Reading User Info ***************
17:45:11.337 [main] INFO  api.test.UserTests2 - **********User info  is displayed ***************
17:45:11.338 [main] INFO  api.test.UserTests2 - ********** Updating User ***************
17:45:12.487 [main] INFO  api.test.UserTests2 - ********** User updated ***************
17:45:13.641 [main] INFO  api.test.UserTests2 - **********   Deleting User  ***************
17:45:14.780 [main] INFO  api.test.UserTests2 - ********** User deleted ***************
17:52:28.813 [main] DEBUG api.test.UserTests2 - Debugging...
17:52:28.823 [main] INFO  api.test.UserTests2 - ********** Creating user  ***************
17:52:31.329 [main] INFO  api.test.UserTests2 - **********User is created  ***************
17:52:31.339 [main] INFO  api.test.UserTests2 - ********** Reading User Info ***************
17:52:32.521 [main] INFO  api.test.UserTests2 - **********User info  is displayed ***************
17:52:32.523 [main] INFO  api.test.UserTests2 - ********** Updating User ***************
17:52:33.636 [main] INFO  api.test.UserTests2 - ********** User updated ***************
17:52:34.808 [main] INFO  api.test.UserTests2 - **********   Deleting User  ***************
17:52:35.955 [main] INFO  api.test.UserTests2 - ********** User deleted ***************
18:01:08.517 [main] DEBUG api.test.UserTests2 - Debugging...
18:01:08.528 [main] INFO  api.test.UserTests2 - ********** Creating user  ***************
18:01:11.061 [main] INFO  api.test.UserTests2 - **********User is created  ***************
18:01:11.074 [main] INFO  api.test.UserTests2 - ********** Reading User Info ***************
18:01:12.274 [main] INFO  api.test.UserTests2 - **********User info  is displayed ***************
18:01:12.276 [main] INFO  api.test.UserTests2 - ********** Updating User ***************
18:01:13.400 [main] INFO  api.test.UserTests2 - ********** User updated ***************
18:01:14.550 [main] INFO  api.test.UserTests2 - **********   Deleting User  ***************
18:01:15.709 [main] INFO  api.test.UserTests2 - ********** User deleted ***************
18:03:44.835 [main] DEBUG api.test.UserTests2 - Debugging...
18:03:44.847 [main] INFO  api.test.UserTests2 - ********** Creating user  ***************
18:03:47.271 [main] INFO  api.test.UserTests2 - **********User is created  ***************
18:03:47.281 [main] INFO  api.test.UserTests2 - ********** Reading User Info ***************
18:03:48.399 [main] INFO  api.test.UserTests2 - **********User info  is displayed ***************
18:03:48.400 [main] INFO  api.test.UserTests2 - ********** Updating User ***************
18:03:49.542 [main] INFO  api.test.UserTests2 - ********** User updated ***************
18:03:50.696 [main] INFO  api.test.UserTests2 - **********   Deleting User  ***************
18:03:51.806 [main] INFO  api.test.UserTests2 - ********** User deleted ***************
18:05:21.707 [main] DEBUG api.test.UserTests2 - Debugging...
18:05:21.717 [main] INFO  api.test.UserTests2 - ********** Creating user  ***************
18:05:24.161 [main] INFO  api.test.UserTests2 - **********User is created  ***************
18:05:24.169 [main] INFO  api.test.UserTests2 - ********** Reading User Info ***************
18:05:25.333 [main] INFO  api.test.UserTests2 - **********User info  is displayed ***************
18:05:25.335 [main] INFO  api.test.UserTests2 - ********** Updating User ***************
18:05:26.572 [main] INFO  api.test.UserTests2 - ********** User updated ***************
18:05:27.763 [main] INFO  api.test.UserTests2 - **********   Deleting User  ***************
18:05:28.880 [main] INFO  api.test.UserTests2 - ********** User deleted ***************
18:34:03.721 [main] DEBUG api.test.UserTests2 - Debugging...
18:34:03.731 [main] INFO  api.test.UserTests2 - ********** Creating user  ***************
18:34:06.283 [main] INFO  api.test.UserTests2 - **********User is created  ***************
18:34:06.293 [main] INFO  api.test.UserTests2 - ********** Reading User Info ***************
18:34:07.490 [main] INFO  api.test.UserTests2 - **********User info  is displayed ***************
18:34:07.493 [main] INFO  api.test.UserTests2 - ********** Updating User ***************
18:34:08.628 [main] INFO  api.test.UserTests2 - ********** User updated ***************
18:34:09.838 [main] INFO  api.test.UserTests2 - **********   Deleting User  ***************
18:34:10.958 [main] INFO  api.test.UserTests2 - ********** User deleted ***************
18:34:29.393 [main] DEBUG api.test.UserTests2 - Debugging...
18:34:29.405 [main] INFO  api.test.UserTests2 - ********** Creating user  ***************
18:34:31.786 [main] INFO  api.test.UserTests2 - **********User is created  ***************
18:34:31.794 [main] INFO  api.test.UserTests2 - ********** Reading User Info ***************
18:34:33.057 [main] INFO  api.test.UserTests2 - **********User info  is displayed ***************
18:34:33.059 [main] INFO  api.test.UserTests2 - ********** Updating User ***************
18:34:34.261 [main] INFO  api.test.UserTests2 - ********** User updated ***************
18:34:35.415 [main] INFO  api.test.UserTests2 - **********   Deleting User  ***************
18:34:36.550 [main] INFO  api.test.UserTests2 - ********** User deleted ***************
18:39:31.104 [main] DEBUG api.test.UserTests2 - Debugging...
18:39:31.116 [main] INFO  api.test.UserTests2 - ********** Creating user  ***************
18:39:33.600 [main] INFO  api.test.UserTests2 - **********User is created  ***************
18:39:33.611 [main] INFO  api.test.UserTests2 - ********** Reading User Info ***************
18:39:34.745 [main] INFO  api.test.UserTests2 - **********User info  is displayed ***************
18:39:34.748 [main] INFO  api.test.UserTests2 - ********** Updating User ***************
18:39:35.948 [main] INFO  api.test.UserTests2 - ********** User updated ***************
18:39:37.114 [main] INFO  api.test.UserTests2 - **********   Deleting User  ***************
18:39:38.268 [main] INFO  api.test.UserTests2 - ********** User deleted ***************
